Arguments: 
  C:\Program Files\nodejs\node.exe C:\Users\nhock\AppData\Roaming\npm\node_modules\yarn\bin\yarn.js dev

PATH: 
  C:\Users\nhock\bin;C:\Program Files\Git\mingw64\bin;C:\Program Files\Git\usr\local\bin;C:\Program Files\Git\usr\bin;C:\Program Files\Git\usr\bin;C:\Program Files\Git\mingw64\bin;C:\Program Files\Git\usr\bin;C:\Users\nhock\bin;C:\Windows\system32;C:\Windows;C:\Windows\System32\Wbem;C:\Windows\System32\WindowsPowerShell\v1.0;C:\Windows\System32\OpenSSH;C:\Program Files\nodejs;C:\Program Files\Microsoft SQL Server\150\Tools\Binn;C:\Program Files\Microsoft SQL Server\Client SDK\ODBC\170\Tools\Binn;C:\Program Files\dotnet;C:\Program Files (x86)\Microsoft SQL Server\160\DTS\Binn;C:\Program Files\Azure Data Studio\bin;C:\Program Files (x86)\Microsoft SQL Server\160\Tools\Binn;C:\Program Files\Microsoft SQL Server\160\Tools\Binn;C:\Program Files\Microsoft SQL Server\160\DTS\Binn;C:\Program Files\Git\cmd;C:\Users\nhock\AppData\Local\Microsoft\WindowsApps;C:\Users\nhock\AppData\Local\Programs\Microsoft VS Code\bin;C:\Users\nhock\AppData\Roaming\npm;C:\Users\nhock\.dotnet\tools;C:\Program Files\Azure Data Studio\bin;C:\Program Files\Azure Data Studio\bin;C:\Program Files\Git\usr\bin\vendor_perl;C:\Program Files\Git\usr\bin\core_perl

Yarn version: 
  1.22.18

Node version: 
  18.3.0

Platform: 
  win32 x64

Trace: 
  SyntaxError: D:\code\Back-End\nodejs\blog\package.json: Unexpected token / in JSON at position 0
      at JSON.parse (<anonymous>)
      at C:\Users\nhock\AppData\Roaming\npm\node_modules\yarn\lib\cli.js:1625:59
      at Generator.next (<anonymous>)
      at step (C:\Users\nhock\AppData\Roaming\npm\node_modules\yarn\lib\cli.js:310:30)
      at C:\Users\nhock\AppData\Roaming\npm\node_modules\yarn\lib\cli.js:321:13

npm manifest: 
  //{
  //  "name": "blog",
  //  "version": "1.0.0",
  //  "description": "",
  //  "main": "src/index.js",
  //  "scripts": {
  //    "l": "prettier --single-quote --trailing-comma all --tab-width 4 --write src/**/*.{js,json,scss}",
  //    "git": "lint-staged",
  //    "dev": "nodemon --inspect src/index.js",
  //    "watch": "node-sass --watch src/resoucres/scss/ --output src/public/css/",
  //    "test": "echo \"Error: no test specified\" && exit 1"
  //  },
  //  "lint-staged": {
  //    "src/**/*.{js,json,scss}": "prettier --single-quote --trailing-comma all --tab-width 4 --write"
  //  },
  //  "husky": {
  //    "hooks": {
  //      "pre-commit": "lint-staged"
  //    }
  //  },
  //  "repository": {
  //    "type": "git",
  //    "url": "git+https://github.com/duydai24/nodejs_blog.git"
  //  },
  //  "keywords": [
  //    "duydai"
  //  ],
  //  "author": "duydai24",
  //  "license": "ISC",
  //  "bugs": {
  //    "url": "https://github.com/duydai24/nodejs_blog/issues"
  //  },
  //  "homepage": "https://github.com/duydai24/nodejs_blog#readme",
  //  "dependencies": {
  //    "express": "^4.18.2",
  //    "express-handlebars": "^7.0.7",
  //    "mongoose": "^7.1.1",
  //    "mongoose-slug-generator": "^1.0.4",
  //    "morgan": "^1.10.0"
  //  },
  //  "devDependencies": {
  //    "husky": "^8.0.3",
  //    "lint-staged": "^13.2.2",
  //    "node-sass": "^8.0.0",
  //    "nodemon": "^2.0.22",
  //    "prettier": "^2.8.8"
  //  }
  //}

yarn manifest: 
  No manifest

Lockfile: 
  No lockfile
